{"D:\\BELAJAR\\Belajar Node Js\\bookstore-microservices\\book-service\\src\\config\\data-source.ts": {"path":"D:\\BELAJAR\\Belajar Node Js\\bookstore-microservices\\book-service\\src\\config\\data-source.ts","statementMap":{"0":{"start":{"line":1,"column":0},"end":{"line":1,"column":26}},"1":{"start":{"line":2,"column":0},"end":{"line":2,"column":37}},"2":{"start":{"line":3,"column":0},"end":{"line":3,"column":40}},"3":{"start":{"line":4,"column":0},"end":{"line":4,"column":28}},"4":{"start":{"line":5,"column":0},"end":{"line":5,"column":16}},"5":{"start":{"line":7,"column":13},"end":{"line":18,"column":3}}},"fnMap":{},"branchMap":{"0":{"loc":{"start":{"line":9,"column":10},"end":{"line":9,"column":44}},"type":"binary-expr","locations":[{"start":{"line":9,"column":10},"end":{"line":9,"column":29}},{"start":{"line":9,"column":33},"end":{"line":9,"column":44}}]},"1":{"loc":{"start":{"line":10,"column":12},"end":{"line":10,"column":39}},"type":"binary-expr","locations":[{"start":{"line":10,"column":12},"end":{"line":10,"column":31}},{"start":{"line":10,"column":35},"end":{"line":10,"column":39}}]},"2":{"loc":{"start":{"line":11,"column":14},"end":{"line":11,"column":47}},"type":"binary-expr","locations":[{"start":{"line":11,"column":14},"end":{"line":11,"column":33}},{"start":{"line":11,"column":37},"end":{"line":11,"column":47}}]},"3":{"loc":{"start":{"line":12,"column":14},"end":{"line":12,"column":47}},"type":"binary-expr","locations":[{"start":{"line":12,"column":14},"end":{"line":12,"column":33}},{"start":{"line":12,"column":37},"end":{"line":12,"column":47}}]},"4":{"loc":{"start":{"line":13,"column":14},"end":{"line":13,"column":46}},"type":"binary-expr","locations":[{"start":{"line":13,"column":14},"end":{"line":13,"column":33}},{"start":{"line":13,"column":37},"end":{"line":13,"column":46}}]}},"s":{"0":3,"1":3,"2":3,"3":3,"4":3,"5":3},"f":{},"b":{"0":[3,0],"1":[3,0],"2":[3,0],"3":[3,0],"4":[3,0]}}
,"D:\\BELAJAR\\Belajar Node Js\\bookstore-microservices\\book-service\\src\\controllers\\book.controller.ts": {"path":"D:\\BELAJAR\\Belajar Node Js\\bookstore-microservices\\book-service\\src\\controllers\\book.controller.ts","statementMap":{"0":{"start":{"line":2,"column":0},"end":{"line":2,"column":55}},"1":{"start":{"line":4,"column":20},"end":{"line":4,"column":37}},"2":{"start":{"line":6,"column":22},"end":{"line":27,"column":2}},"3":{"start":{"line":6,"column":75},"end":{"line":27,"column":2}},"4":{"start":{"line":8,"column":17},"end":{"line":8,"column":64}},"5":{"start":{"line":9,"column":18},"end":{"line":9,"column":66}},"6":{"start":{"line":10,"column":20},"end":{"line":10,"column":60}},"7":{"start":{"line":11,"column":18},"end":{"line":11,"column":65}},"8":{"start":{"line":13,"column":19},"end":{"line":13,"column":76}},"9":{"start":{"line":16,"column":23},"end":{"line":16,"column":61}},"10":{"start":{"line":18,"column":4},"end":{"line":26,"column":7}},"11":{"start":{"line":6,"column":13},"end":{"line":6,"column":22}},"12":{"start":{"line":29,"column":23},"end":{"line":37,"column":2}},"13":{"start":{"line":29,"column":76},"end":{"line":37,"column":2}},"14":{"start":{"line":30,"column":18},"end":{"line":30,"column":65}},"15":{"start":{"line":31,"column":19},"end":{"line":31,"column":75}},"16":{"start":{"line":32,"column":4},"end":{"line":35,"column":5}},"17":{"start":{"line":33,"column":8},"end":{"line":33,"column":55}},"18":{"start":{"line":34,"column":8},"end":{"line":34,"column":15}},"19":{"start":{"line":36,"column":4},"end":{"line":36,"column":21}},"20":{"start":{"line":29,"column":13},"end":{"line":29,"column":23}},"21":{"start":{"line":39,"column":22},"end":{"line":42,"column":2}},"22":{"start":{"line":39,"column":60},"end":{"line":42,"column":2}},"23":{"start":{"line":40,"column":20},"end":{"line":40,"column":75}},"24":{"start":{"line":41,"column":4},"end":{"line":41,"column":34}},"25":{"start":{"line":39,"column":13},"end":{"line":39,"column":22}},"26":{"start":{"line":44,"column":22},"end":{"line":51,"column":2}},"27":{"start":{"line":44,"column":60},"end":{"line":51,"column":2}},"28":{"start":{"line":45,"column":20},"end":{"line":45,"column":90}},"29":{"start":{"line":46,"column":4},"end":{"line":49,"column":5}},"30":{"start":{"line":47,"column":8},"end":{"line":47,"column":55}},"31":{"start":{"line":48,"column":8},"end":{"line":48,"column":15}},"32":{"start":{"line":50,"column":4},"end":{"line":50,"column":22}},"33":{"start":{"line":44,"column":13},"end":{"line":44,"column":22}},"34":{"start":{"line":53,"column":26},"end":{"line":56,"column":2}},"35":{"start":{"line":53,"column":64},"end":{"line":56,"column":2}},"36":{"start":{"line":54,"column":4},"end":{"line":54,"column":69}},"37":{"start":{"line":55,"column":4},"end":{"line":55,"column":27}},"38":{"start":{"line":53,"column":13},"end":{"line":53,"column":26}}},"fnMap":{"0":{"name":"(anonymous_7)","decl":{"start":{"line":6,"column":22},"end":{"line":6,"column":29}},"loc":{"start":{"line":6,"column":75},"end":{"line":27,"column":2}}},"1":{"name":"(anonymous_8)","decl":{"start":{"line":6,"column":75},"end":{"line":6,"column":null}},"loc":{"start":{"line":6,"column":75},"end":{"line":27,"column":1}}},"2":{"name":"(anonymous_9)","decl":{"start":{"line":29,"column":23},"end":{"line":29,"column":30}},"loc":{"start":{"line":29,"column":76},"end":{"line":37,"column":2}}},"3":{"name":"(anonymous_10)","decl":{"start":{"line":29,"column":76},"end":{"line":29,"column":null}},"loc":{"start":{"line":29,"column":76},"end":{"line":37,"column":1}}},"4":{"name":"(anonymous_11)","decl":{"start":{"line":39,"column":22},"end":{"line":39,"column":29}},"loc":{"start":{"line":39,"column":60},"end":{"line":42,"column":2}}},"5":{"name":"(anonymous_12)","decl":{"start":{"line":39,"column":60},"end":{"line":39,"column":null}},"loc":{"start":{"line":39,"column":60},"end":{"line":42,"column":1}}},"6":{"name":"(anonymous_13)","decl":{"start":{"line":44,"column":22},"end":{"line":44,"column":29}},"loc":{"start":{"line":44,"column":60},"end":{"line":51,"column":2}}},"7":{"name":"(anonymous_14)","decl":{"start":{"line":44,"column":60},"end":{"line":44,"column":null}},"loc":{"start":{"line":44,"column":60},"end":{"line":51,"column":1}}},"8":{"name":"(anonymous_15)","decl":{"start":{"line":53,"column":26},"end":{"line":53,"column":33}},"loc":{"start":{"line":53,"column":64},"end":{"line":56,"column":2}}},"9":{"name":"(anonymous_16)","decl":{"start":{"line":53,"column":64},"end":{"line":53,"column":null}},"loc":{"start":{"line":53,"column":64},"end":{"line":56,"column":1}}}},"branchMap":{"0":{"loc":{"start":{"line":8,"column":17},"end":{"line":8,"column":64}},"type":"binary-expr","locations":[{"start":{"line":8,"column":17},"end":{"line":8,"column":51}},{"start":{"line":8,"column":55},"end":{"line":8,"column":64}}]},"1":{"loc":{"start":{"line":9,"column":18},"end":{"line":9,"column":66}},"type":"binary-expr","locations":[{"start":{"line":9,"column":18},"end":{"line":9,"column":53}},{"start":{"line":9,"column":57},"end":{"line":9,"column":66}}]},"2":{"loc":{"start":{"line":10,"column":20},"end":{"line":10,"column":60}},"type":"binary-expr","locations":[{"start":{"line":10,"column":20},"end":{"line":10,"column":47}},{"start":{"line":10,"column":51},"end":{"line":10,"column":60}}]},"3":{"loc":{"start":{"line":32,"column":4},"end":{"line":35,"column":5}},"type":"if","locations":[{"start":{"line":32,"column":4},"end":{"line":35,"column":5}}]},"4":{"loc":{"start":{"line":46,"column":4},"end":{"line":49,"column":5}},"type":"if","locations":[{"start":{"line":46,"column":4},"end":{"line":49,"column":5}}]}},"s":{"0":2,"1":2,"2":2,"3":2,"4":2,"5":2,"6":2,"7":2,"8":2,"9":2,"10":2,"11":2,"12":2,"13":2,"14":2,"15":2,"16":2,"17":1,"18":1,"19":1,"20":2,"21":2,"22":1,"23":1,"24":1,"25":2,"26":2,"27":2,"28":2,"29":2,"30":1,"31":1,"32":1,"33":2,"34":2,"35":1,"36":1,"37":1,"38":2},"f":{"0":2,"1":2,"2":2,"3":2,"4":1,"5":1,"6":2,"7":2,"8":1,"9":1},"b":{"0":[2,1],"1":[2,1],"2":[2,1],"3":[1],"4":[1]}}
,"D:\\BELAJAR\\Belajar Node Js\\bookstore-microservices\\book-service\\src\\entities\\Book.ts": {"path":"D:\\BELAJAR\\Belajar Node Js\\bookstore-microservices\\book-service\\src\\entities\\Book.ts","statementMap":{"0":{"start":{"line":1,"column":0},"end":{"line":1,"column":null}},"1":{"start":{"line":7,"column":7},"end":{"line":48,"column":null}},"2":{"start":{"line":7,"column":13},"end":{"line":7,"column":17}},"3":{"start":{"line":9,"column":4},"end":{"line":9,"column":null}},"4":{"start":{"line":12,"column":4},"end":{"line":12,"column":null}},"5":{"start":{"line":15,"column":4},"end":{"line":15,"column":null}},"6":{"start":{"line":24,"column":4},"end":{"line":24,"column":null}},"7":{"start":{"line":22,"column":23},"end":{"line":22,"column":30}},"8":{"start":{"line":31,"column":4},"end":{"line":31,"column":null}},"9":{"start":{"line":29,"column":23},"end":{"line":29,"column":30}},"10":{"start":{"line":38,"column":4},"end":{"line":38,"column":null}},"11":{"start":{"line":41,"column":4},"end":{"line":41,"column":null}},"12":{"start":{"line":44,"column":4},"end":{"line":44,"column":null}},"13":{"start":{"line":47,"column":4},"end":{"line":47,"column":null}},"14":{"start":{"line":7,"column":13},"end":{"line":48,"column":null}}},"fnMap":{"0":{"name":"(anonymous_2)","decl":{"start":{"line":22,"column":17},"end":{"line":22,"column":20}},"loc":{"start":{"line":22,"column":23},"end":{"line":22,"column":30}}},"1":{"name":"(anonymous_3)","decl":{"start":{"line":29,"column":17},"end":{"line":29,"column":20}},"loc":{"start":{"line":29,"column":23},"end":{"line":29,"column":30}}}},"branchMap":{},"s":{"0":3,"1":3,"2":3,"3":3,"4":3,"5":3,"6":3,"7":0,"8":3,"9":0,"10":3,"11":3,"12":3,"13":3,"14":3},"f":{"0":0,"1":0},"b":{}}
,"D:\\BELAJAR\\Belajar Node Js\\bookstore-microservices\\book-service\\src\\middlewares\\validateJWT.ts": {"path":"D:\\BELAJAR\\Belajar Node Js\\bookstore-microservices\\book-service\\src\\middlewares\\validateJWT.ts","statementMap":{"0":{"start":{"line":2,"column":0},"end":{"line":2,"column":31}},"1":{"start":{"line":10,"column":27},"end":{"line":27,"column":1}},"2":{"start":{"line":11,"column":23},"end":{"line":11,"column":48}},"3":{"start":{"line":12,"column":4},"end":{"line":15,"column":5}},"4":{"start":{"line":13,"column":8},"end":{"line":13,"column":85}},"5":{"start":{"line":14,"column":8},"end":{"line":14,"column":15}},"6":{"start":{"line":17,"column":18},"end":{"line":17,"column":42}},"7":{"start":{"line":18,"column":4},"end":{"line":26,"column":5}},"8":{"start":{"line":19,"column":24},"end":{"line":19,"column":89}},"9":{"start":{"line":21,"column":9},"end":{"line":21,"column":45}},"10":{"start":{"line":22,"column":8},"end":{"line":22,"column":15}},"11":{"start":{"line":24,"column":8},"end":{"line":24,"column":70}},"12":{"start":{"line":25,"column":8},"end":{"line":25,"column":15}},"13":{"start":{"line":10,"column":13},"end":{"line":10,"column":27}}},"fnMap":{"0":{"name":"(anonymous_1)","decl":{"start":{"line":10,"column":27},"end":{"line":10,"column":28}},"loc":{"start":{"line":10,"column":79},"end":{"line":27,"column":1}}}},"branchMap":{"0":{"loc":{"start":{"line":12,"column":4},"end":{"line":15,"column":5}},"type":"if","locations":[{"start":{"line":12,"column":4},"end":{"line":15,"column":5}}]},"1":{"loc":{"start":{"line":12,"column":9},"end":{"line":12,"column":42}},"type":"cond-expr","locations":[{"start":{"line":12,"column":19},"end":{"line":12,"column":21}},{"start":{"line":12,"column":9},"end":{"line":12,"column":42}}]},"2":{"loc":{"start":{"line":12,"column":9},"end":{"line":12,"column":21}},"type":"binary-expr","locations":[{"start":{"line":12,"column":9},"end":{"line":12,"column":21}},{"start":{"line":12,"column":9},"end":{"line":12,"column":21}}]}},"s":{"0":2,"1":2,"2":4,"3":4,"4":2,"5":2,"6":2,"7":2,"8":2,"9":1,"10":1,"11":1,"12":1,"13":2},"f":{"0":4},"b":{"0":[2],"1":[1,3],"2":[4,4]}}
,"D:\\BELAJAR\\Belajar Node Js\\bookstore-microservices\\book-service\\src\\routes\\book.routes.ts": {"path":"D:\\BELAJAR\\Belajar Node Js\\bookstore-microservices\\book-service\\src\\routes\\book.routes.ts","statementMap":{"0":{"start":{"line":1,"column":0},"end":{"line":1,"column":33}},"1":{"start":{"line":2,"column":0},"end":{"line":2,"column":65}},"2":{"start":{"line":3,"column":0},"end":{"line":3,"column":57}},"3":{"start":{"line":5,"column":15},"end":{"line":5,"column":23}},"4":{"start":{"line":7,"column":0},"end":{"line":7,"column":39}},"5":{"start":{"line":8,"column":0},"end":{"line":8,"column":56}},"6":{"start":{"line":9,"column":0},"end":{"line":9,"column":53}},"7":{"start":{"line":10,"column":0},"end":{"line":10,"column":55}},"8":{"start":{"line":11,"column":0},"end":{"line":11,"column":62}},"9":{"start":{"line":13,"column":0},"end":{"line":13,"column":22}}},"fnMap":{},"branchMap":{},"s":{"0":1,"1":1,"2":1,"3":1,"4":1,"5":1,"6":1,"7":1,"8":1,"9":1},"f":{},"b":{}}
,"D:\\BELAJAR\\Belajar Node Js\\bookstore-microservices\\book-service\\src\\services\\book.service.ts": {"path":"D:\\BELAJAR\\Belajar Node Js\\bookstore-microservices\\book-service\\src\\services\\book.service.ts","statementMap":{"0":{"start":{"line":1,"column":0},"end":{"line":1,"column":52}},"1":{"start":{"line":2,"column":0},"end":{"line":2,"column":40}},"2":{"start":{"line":3,"column":0},"end":{"line":3,"column":54}},"3":{"start":{"line":4,"column":0},"end":{"line":4,"column":26}},"4":{"start":{"line":15,"column":12},"end":{"line":15,"column":70}},"5":{"start":{"line":18,"column":8},"end":{"line":18,"column":64}},"6":{"start":{"line":22,"column":21},"end":{"line":22,"column":69}},"7":{"start":{"line":23,"column":22},"end":{"line":23,"column":74}},"8":{"start":{"line":24,"column":23},"end":{"line":24,"column":44}},"9":{"start":{"line":25,"column":21},"end":{"line":25,"column":39}},"10":{"start":{"line":28,"column":27},"end":{"line":28,"column":46}},"11":{"start":{"line":29,"column":8},"end":{"line":44,"column":9}},"12":{"start":{"line":30,"column":12},"end":{"line":30,"column":50}},"13":{"start":{"line":31,"column":12},"end":{"line":31,"column":51}},"14":{"start":{"line":33,"column":35},"end":{"line":42,"column":34}},"15":{"start":{"line":43,"column":12},"end":{"line":43,"column":49}},"16":{"start":{"line":47,"column":31},"end":{"line":52,"column":10}},"17":{"start":{"line":54,"column":8},"end":{"line":54,"column":45}},"18":{"start":{"line":60,"column":8},"end":{"line":60,"column":83}},"19":{"start":{"line":65,"column":21},"end":{"line":65,"column":94}},"20":{"start":{"line":66,"column":8},"end":{"line":66,"column":31}},"21":{"start":{"line":66,"column":19},"end":{"line":66,"column":31}},"22":{"start":{"line":69,"column":38},"end":{"line":69,"column":42}},"23":{"start":{"line":70,"column":8},"end":{"line":82,"column":9}},"24":{"start":{"line":71,"column":12},"end":{"line":81,"column":13}},"25":{"start":{"line":72,"column":29},"end":{"line":74,"column":null}},"26":{"start":{"line":76,"column":16},"end":{"line":76,"column":34}},"27":{"start":{"line":77,"column":16},"end":{"line":77,"column":36}},"28":{"start":{"line":79,"column":16},"end":{"line":79,"column":31}},"29":{"start":{"line":80,"column":16},"end":{"line":80,"column":null}},"30":{"start":{"line":84,"column":8},"end":{"line":88,"column":null}},"31":{"start":{"line":93,"column":21},"end":{"line":95,"column":null}},"32":{"start":{"line":97,"column":8},"end":{"line":97,"column":46}},"33":{"start":{"line":101,"column":8},"end":{"line":104,"column":11}},"34":{"start":{"line":105,"column":8},"end":{"line":105,"column":33}},"35":{"start":{"line":109,"column":8},"end":{"line":109,"column":54}},"36":{"start":{"line":13,"column":0},"end":{"line":13,"column":13}}},"fnMap":{"0":{"name":"(anonymous_8)","decl":{"start":{"line":17,"column":4},"end":{"line":17,"column":null}},"loc":{"start":{"line":17,"column":4},"end":{"line":19,"column":5}}},"1":{"name":"(anonymous_9)","decl":{"start":{"line":21,"column":10},"end":{"line":21,"column":17}},"loc":{"start":{"line":21,"column":40},"end":{"line":55,"column":null}}},"2":{"name":"(anonymous_11)","decl":{"start":{"line":59,"column":4},"end":{"line":59,"column":12}},"loc":{"start":{"line":59,"column":23},"end":{"line":61,"column":5}}},"3":{"name":"(anonymous_12)","decl":{"start":{"line":63,"column":10},"end":{"line":63,"column":26}},"loc":{"start":{"line":63,"column":53},"end":{"line":90,"column":null}}},"4":{"name":"(anonymous_14)","decl":{"start":{"line":92,"column":4},"end":{"line":92,"column":10}},"loc":{"start":{"line":92,"column":54},"end":{"line":98,"column":5}}},"5":{"name":"(anonymous_15)","decl":{"start":{"line":100,"column":10},"end":{"line":100,"column":16}},"loc":{"start":{"line":100,"column":72},"end":{"line":106,"column":null}}},"6":{"name":"(anonymous_17)","decl":{"start":{"line":108,"column":4},"end":{"line":108,"column":14}},"loc":{"start":{"line":108,"column":49},"end":{"line":110,"column":5}}}},"branchMap":{"0":{"loc":{"start":{"line":15,"column":22},"end":{"line":15,"column":69}},"type":"binary-expr","locations":[{"start":{"line":15,"column":22},"end":{"line":15,"column":42}},{"start":{"line":15,"column":46},"end":{"line":15,"column":69}}]},"1":{"loc":{"start":{"line":22,"column":21},"end":{"line":22,"column":69}},"type":"cond-expr","locations":[{"start":{"line":22,"column":54},"end":{"line":22,"column":65}},{"start":{"line":22,"column":68},"end":{"line":22,"column":69}}]},"2":{"loc":{"start":{"line":22,"column":21},"end":{"line":22,"column":51}},"type":"binary-expr","locations":[{"start":{"line":22,"column":21},"end":{"line":22,"column":32}},{"start":{"line":22,"column":36},"end":{"line":22,"column":51}}]},"3":{"loc":{"start":{"line":23,"column":22},"end":{"line":23,"column":74}},"type":"cond-expr","locations":[{"start":{"line":23,"column":57},"end":{"line":23,"column":69}},{"start":{"line":23,"column":72},"end":{"line":23,"column":74}}]},"4":{"loc":{"start":{"line":23,"column":22},"end":{"line":23,"column":54}},"type":"binary-expr","locations":[{"start":{"line":23,"column":22},"end":{"line":23,"column":34}},{"start":{"line":23,"column":38},"end":{"line":23,"column":54}}]},"5":{"loc":{"start":{"line":24,"column":23},"end":{"line":24,"column":44}},"type":"cond-expr","locations":[{"start":{"line":24,"column":36},"end":{"line":24,"column":38}},{"start":{"line":24,"column":36},"end":{"line":24,"column":44}}]},"6":{"loc":{"start":{"line":24,"column":23},"end":{"line":24,"column":38}},"type":"binary-expr","locations":[{"start":{"line":24,"column":23},"end":{"line":24,"column":38}},{"start":{"line":24,"column":36},"end":{"line":24,"column":38}}]},"7":{"loc":{"start":{"line":29,"column":8},"end":{"line":44,"column":9}},"type":"if","locations":[{"start":{"line":29,"column":8},"end":{"line":44,"column":9}}]},"8":{"loc":{"start":{"line":66,"column":8},"end":{"line":66,"column":31}},"type":"if","locations":[{"start":{"line":66,"column":8},"end":{"line":66,"column":31}}]},"9":{"loc":{"start":{"line":70,"column":8},"end":{"line":82,"column":9}},"type":"if","locations":[{"start":{"line":70,"column":8},"end":{"line":82,"column":9}}]},"10":{"loc":{"start":{"line":70,"column":12},"end":{"line":70,"column":35}},"type":"binary-expr","locations":[{"start":{"line":70,"column":12},"end":{"line":70,"column":26}},{"start":{"line":70,"column":30},"end":{"line":70,"column":35}}]}},"s":{"0":3,"1":3,"2":3,"3":3,"4":14,"5":14,"6":3,"7":3,"8":3,"9":3,"10":3,"11":3,"12":1,"13":1,"14":1,"15":1,"16":2,"17":1,"18":3,"19":4,"20":4,"21":1,"22":3,"23":3,"24":2,"25":2,"26":1,"27":1,"28":1,"29":1,"30":3,"31":1,"32":1,"33":1,"34":1,"35":1,"36":3},"f":{"0":14,"1":3,"2":3,"3":4,"4":1,"5":1,"6":1},"b":{"0":[14,0],"1":[3,0],"2":[3,3],"3":[3,0],"4":[3,3],"5":[2,1],"6":[3,3],"7":[1],"8":[1],"9":[2],"10":[3,2]}}
}
