TN:
SF:src\config\data-source.ts
FNF:0
FNH:0
DA:1,3
DA:2,3
DA:3,3
DA:4,3
DA:5,3
DA:7,3
LF:6
LH:6
BRDA:9,0,0,3
BRDA:9,0,1,0
BRDA:10,1,0,3
BRDA:10,1,1,0
BRDA:11,2,0,3
BRDA:11,2,1,0
BRDA:12,3,0,3
BRDA:12,3,1,0
BRDA:13,4,0,3
BRDA:13,4,1,0
BRF:10
BRH:5
end_of_record
TN:
SF:src\controllers\book.controller.ts
FN:6,(anonymous_7)
FN:6,(anonymous_8)
FN:29,(anonymous_9)
FN:29,(anonymous_10)
FN:39,(anonymous_11)
FN:39,(anonymous_12)
FN:44,(anonymous_13)
FN:44,(anonymous_14)
FN:53,(anonymous_15)
FN:53,(anonymous_16)
FNF:10
FNH:10
FNDA:2,(anonymous_7)
FNDA:2,(anonymous_8)
FNDA:2,(anonymous_9)
FNDA:2,(anonymous_10)
FNDA:1,(anonymous_11)
FNDA:1,(anonymous_12)
FNDA:2,(anonymous_13)
FNDA:2,(anonymous_14)
FNDA:1,(anonymous_15)
FNDA:1,(anonymous_16)
DA:2,2
DA:4,2
DA:6,2
DA:8,2
DA:9,2
DA:10,2
DA:11,2
DA:13,2
DA:16,2
DA:18,2
DA:29,2
DA:30,2
DA:31,2
DA:32,2
DA:33,1
DA:34,1
DA:36,1
DA:39,2
DA:40,1
DA:41,1
DA:44,2
DA:45,2
DA:46,2
DA:47,1
DA:48,1
DA:50,1
DA:53,2
DA:54,1
DA:55,1
LF:29
LH:29
BRDA:8,0,0,2
BRDA:8,0,1,1
BRDA:9,1,0,2
BRDA:9,1,1,1
BRDA:10,2,0,2
BRDA:10,2,1,1
BRDA:32,3,0,1
BRDA:46,4,0,1
BRF:8
BRH:8
end_of_record
TN:
SF:src\entities\Book.ts
FN:22,(anonymous_2)
FN:29,(anonymous_3)
FNF:2
FNH:0
FNDA:0,(anonymous_2)
FNDA:0,(anonymous_3)
DA:1,3
DA:7,3
DA:9,3
DA:12,3
DA:15,3
DA:22,0
DA:24,3
DA:29,0
DA:31,3
DA:38,3
DA:41,3
DA:44,3
DA:47,3
LF:13
LH:11
BRF:0
BRH:0
end_of_record
TN:
SF:src\middlewares\validateJWT.ts
FN:10,(anonymous_1)
FNF:1
FNH:1
FNDA:4,(anonymous_1)
DA:2,2
DA:10,2
DA:11,4
DA:12,4
DA:13,2
DA:14,2
DA:17,2
DA:18,2
DA:19,2
DA:21,1
DA:22,1
DA:24,1
DA:25,1
LF:13
LH:13
BRDA:12,0,0,2
BRDA:12,1,0,1
BRDA:12,1,1,3
BRDA:12,2,0,4
BRDA:12,2,1,4
BRF:5
BRH:5
end_of_record
TN:
SF:src\routes\book.routes.ts
FNF:0
FNH:0
DA:1,1
DA:2,1
DA:3,1
DA:5,1
DA:7,1
DA:8,1
DA:9,1
DA:10,1
DA:11,1
DA:13,1
LF:10
LH:10
BRF:0
BRH:0
end_of_record
TN:
SF:src\services\book.service.ts
FN:17,(anonymous_8)
FN:21,(anonymous_9)
FN:59,(anonymous_11)
FN:63,(anonymous_12)
FN:92,(anonymous_14)
FN:100,(anonymous_15)
FN:108,(anonymous_17)
FNF:7
FNH:7
FNDA:14,(anonymous_8)
FNDA:3,(anonymous_9)
FNDA:3,(anonymous_11)
FNDA:4,(anonymous_12)
FNDA:1,(anonymous_14)
FNDA:1,(anonymous_15)
FNDA:1,(anonymous_17)
DA:1,3
DA:2,3
DA:3,3
DA:4,3
DA:13,3
DA:15,14
DA:18,14
DA:22,3
DA:23,3
DA:24,3
DA:25,3
DA:28,3
DA:29,3
DA:30,1
DA:31,1
DA:33,1
DA:43,1
DA:47,2
DA:54,1
DA:60,3
DA:65,4
DA:66,4
DA:69,3
DA:70,3
DA:71,2
DA:72,2
DA:76,1
DA:77,1
DA:79,1
DA:80,1
DA:84,3
DA:93,1
DA:97,1
DA:101,1
DA:105,1
DA:109,1
LF:36
LH:36
BRDA:15,0,0,14
BRDA:15,0,1,0
BRDA:22,1,0,3
BRDA:22,1,1,0
BRDA:22,2,0,3
BRDA:22,2,1,3
BRDA:23,3,0,3
BRDA:23,3,1,0
BRDA:23,4,0,3
BRDA:23,4,1,3
BRDA:24,5,0,2
BRDA:24,5,1,1
BRDA:24,6,0,3
BRDA:24,6,1,3
BRDA:29,7,0,1
BRDA:66,8,0,1
BRDA:70,9,0,2
BRDA:70,10,0,3
BRDA:70,10,1,2
BRF:19
BRH:16
end_of_record
